0 info it worked if it ends with ok
1 verbose cli [ '/usr/local/Cellar/node/6.3.1/bin/node',
1 verbose cli   '/usr/local/bin/npm',
1 verbose cli   'i',
1 verbose cli   'app-inspector',
1 verbose cli   '-g' ]
2 info using npm@3.10.3
3 info using node@v6.3.1
4 silly loadCurrentTree Starting
5 silly install loadCurrentTree
6 silly install readGlobalPackageData
7 silly fetchPackageMetaData app-inspector
8 silly fetchNamedPackageData app-inspector
9 silly mapToRegistry name app-inspector
10 silly mapToRegistry using default registry
11 silly mapToRegistry registry https://registry.npmjs.org/
12 silly mapToRegistry data Result {
12 silly mapToRegistry   raw: 'app-inspector',
12 silly mapToRegistry   scope: null,
12 silly mapToRegistry   escapedName: 'app-inspector',
12 silly mapToRegistry   name: 'app-inspector',
12 silly mapToRegistry   rawSpec: '',
12 silly mapToRegistry   spec: 'latest',
12 silly mapToRegistry   type: 'tag' }
13 silly mapToRegistry uri https://registry.npmjs.org/app-inspector
14 verbose request uri https://registry.npmjs.org/app-inspector
15 verbose request no auth needed
16 info attempt registry request try #1 at 12:02:04
17 verbose request id 3f955aa3d65e741a
18 verbose etag "EXINNMZJMUGMBNGIEZNYRWEGG"
19 http request GET https://registry.npmjs.org/app-inspector
20 http 200 https://registry.npmjs.org/app-inspector
21 verbose headers { server: 'CouchDB/1.5.0 (Erlang OTP/R16B03)',
21 verbose headers   etag: '"4LLZCHX5BKM0PBYCEFOBZEHBB"',
21 verbose headers   'content-type': 'application/json',
21 verbose headers   'content-encoding': 'gzip',
21 verbose headers   'cache-control': 'max-age=300',
21 verbose headers   'content-length': '3329',
21 verbose headers   'accept-ranges': 'bytes',
21 verbose headers   date: 'Mon, 08 Aug 2016 04:02:11 GMT',
21 verbose headers   via: '1.1 varnish',
21 verbose headers   age: '0',
21 verbose headers   connection: 'keep-alive',
21 verbose headers   'x-served-by': 'cache-lcy1125-LCY',
21 verbose headers   'x-cache': 'MISS',
21 verbose headers   'x-cache-hits': '0',
21 verbose headers   'x-timer': 'S1470628930.700742,VS0,VE420',
21 verbose headers   vary: 'Accept-Encoding' }
22 silly get cb [ 200,
22 silly get   { server: 'CouchDB/1.5.0 (Erlang OTP/R16B03)',
22 silly get     etag: '"4LLZCHX5BKM0PBYCEFOBZEHBB"',
22 silly get     'content-type': 'application/json',
22 silly get     'content-encoding': 'gzip',
22 silly get     'cache-control': 'max-age=300',
22 silly get     'content-length': '3329',
22 silly get     'accept-ranges': 'bytes',
22 silly get     date: 'Mon, 08 Aug 2016 04:02:11 GMT',
22 silly get     via: '1.1 varnish',
22 silly get     age: '0',
22 silly get     connection: 'keep-alive',
22 silly get     'x-served-by': 'cache-lcy1125-LCY',
22 silly get     'x-cache': 'MISS',
22 silly get     'x-cache-hits': '0',
22 silly get     'x-timer': 'S1470628930.700742,VS0,VE420',
22 silly get     vary: 'Accept-Encoding' } ]
23 verbose get saving app-inspector to /Users/guiyao/.npm/registry.npmjs.org/app-inspector/.cache.json
24 verbose correctMkdir /Users/guiyao/.npm correctMkdir not in flight; initializing
25 silly install normalizeTree
26 silly loadCurrentTree Finishing
27 silly loadIdealTree Starting
28 silly install loadIdealTree
29 silly cloneCurrentTree Starting
30 silly install cloneCurrentTreeToIdealTree
31 silly cloneCurrentTree Finishing
32 silly loadShrinkwrap Starting
33 silly install loadShrinkwrap
34 silly loadShrinkwrap Finishing
35 silly loadAllDepsIntoIdealTree Starting
36 silly install loadAllDepsIntoIdealTree
37 silly resolveWithNewModule app-inspector@1.0.11 checking installable status
38 silly cache add args [ 'app-inspector', null ]
39 verbose cache add spec app-inspector
40 silly cache add parsed spec Result {
40 silly cache add   raw: 'app-inspector',
40 silly cache add   scope: null,
40 silly cache add   escapedName: 'app-inspector',
40 silly cache add   name: 'app-inspector',
40 silly cache add   rawSpec: '',
40 silly cache add   spec: 'latest',
40 silly cache add   type: 'tag' }
41 silly addNamed app-inspector@latest
42 verbose addNamed "latest" is being treated as a dist-tag for app-inspector
43 info addNameTag [ 'app-inspector', 'latest' ]
44 silly mapToRegistry name app-inspector
45 silly mapToRegistry using default registry
46 silly mapToRegistry registry https://registry.npmjs.org/
47 silly mapToRegistry data Result {
47 silly mapToRegistry   raw: 'app-inspector',
47 silly mapToRegistry   scope: null,
47 silly mapToRegistry   escapedName: 'app-inspector',
47 silly mapToRegistry   name: 'app-inspector',
47 silly mapToRegistry   rawSpec: '',
47 silly mapToRegistry   spec: 'latest',
47 silly mapToRegistry   type: 'tag' }
48 silly mapToRegistry uri https://registry.npmjs.org/app-inspector
49 verbose addNameTag registry:https://registry.npmjs.org/app-inspector not in flight; fetching
50 verbose get https://registry.npmjs.org/app-inspector not expired, no request
51 silly addNameTag next cb for app-inspector with tag latest
52 silly addNamed app-inspector@1.0.11
53 verbose addNamed "1.0.11" is a plain semver version for app-inspector
54 silly mapToRegistry name app-inspector
55 silly mapToRegistry using default registry
56 silly mapToRegistry registry https://registry.npmjs.org/
57 silly mapToRegistry data Result {
57 silly mapToRegistry   raw: 'app-inspector',
57 silly mapToRegistry   scope: null,
57 silly mapToRegistry   escapedName: 'app-inspector',
57 silly mapToRegistry   name: 'app-inspector',
57 silly mapToRegistry   rawSpec: '',
57 silly mapToRegistry   spec: 'latest',
57 silly mapToRegistry   type: 'tag' }
58 silly mapToRegistry uri https://registry.npmjs.org/app-inspector
59 verbose addRemoteTarball https://registry.npmjs.org/app-inspector/-/app-inspector-1.0.11.tgz not in flight; adding
60 verbose addRemoteTarball [ 'https://registry.npmjs.org/app-inspector/-/app-inspector-1.0.11.tgz',
60 verbose addRemoteTarball   '45f09fc679487342cc5fffec486f81c9efc40bee' ]
61 info retry fetch attempt 1 at 12:02:12
62 info attempt registry request try #1 at 12:02:12
63 http fetch GET https://registry.npmjs.org/app-inspector/-/app-inspector-1.0.11.tgz
64 http fetch 200 https://registry.npmjs.org/app-inspector/-/app-inspector-1.0.11.tgz
65 info retry will retry, error on last attempt: Error: read ECONNRESET
66 info retry will retry, error on last attempt: Error: read ECONNRESET
67 silly fetchAndShaCheck shasum 45f09fc679487342cc5fffec486f81c9efc40bee
68 silly rollbackFailedOptional Starting
69 silly rollbackFailedOptional Finishing
70 silly runTopLevelLifecycles Starting
71 silly runTopLevelLifecycles Finishing
72 silly install printInstalled
73 verbose stack Error: shasum check failed for /tmp/npm-66895-717d1fa2/registry.npmjs.org/app-inspector/-/app-inspector-1.0.11.tgz
73 verbose stack Expected: 45f09fc679487342cc5fffec486f81c9efc40bee
73 verbose stack Actual:   1f71866a0e7ecbf93c580829098516d90841f146
73 verbose stack From:     https://registry.npmjs.org/app-inspector/-/app-inspector-1.0.11.tgz
73 verbose stack     at /usr/local/lib/node_modules/npm/node_modules/sha/index.js:25:8
73 verbose stack     at ReadStream.<anonymous> (/usr/local/lib/node_modules/npm/node_modules/sha/index.js:72:7)
73 verbose stack     at emitNone (events.js:91:20)
73 verbose stack     at ReadStream.emit (events.js:185:7)
73 verbose stack     at endReadableNT (_stream_readable.js:975:12)
73 verbose stack     at _combinedTickCallback (internal/process/next_tick.js:74:11)
73 verbose stack     at process._tickCallback (internal/process/next_tick.js:98:9)
74 verbose cwd /Users/guiyao/work/weex-yy
75 error Darwin 15.0.0
76 error argv "/usr/local/Cellar/node/6.3.1/bin/node" "/usr/local/bin/npm" "i" "app-inspector" "-g"
77 error node v6.3.1
78 error npm  v3.10.3
79 error shasum check failed for /tmp/npm-66895-717d1fa2/registry.npmjs.org/app-inspector/-/app-inspector-1.0.11.tgz
79 error Expected: 45f09fc679487342cc5fffec486f81c9efc40bee
79 error Actual:   1f71866a0e7ecbf93c580829098516d90841f146
79 error From:     https://registry.npmjs.org/app-inspector/-/app-inspector-1.0.11.tgz
80 error If you need help, you may report this error at:
80 error     <https://github.com/npm/npm/issues>
81 verbose exit [ 1, true ]
